TN:
SF:/home/ferminconejo/workspace/cambio/app/src/cambio.js
FN:1,cambioDivisas
FN:6,(anonymous_2)
FNF:2
FNH:2
FNDA:7,cambioDivisas
FNDA:6,(anonymous_2)
DA:1,1
DA:5,7
DA:6,7
DA:7,6
LF:4
LH:4
BRF:0
BRH:0
end_of_record
TN:
SF:/home/ferminconejo/workspace/cambio/app/src/constants.js
FNF:0
FNH:0
DA:1,1
LF:1
LH:1
BRF:0
BRH:0
end_of_record
TN:
SF:/home/ferminconejo/workspace/cambio/app/src/operaciones.js
FN:1,operaciones
FN:3,(anonymous_2)
FN:7,(anonymous_3)
FN:11,(anonymous_4)
FN:15,(anonymous_5)
FNF:5
FNH:5
FNDA:14,operaciones
FNDA:2,(anonymous_2)
FNDA:2,(anonymous_3)
FNDA:8,(anonymous_4)
FNDA:2,(anonymous_5)
DA:1,1
DA:3,14
DA:4,2
DA:7,14
DA:8,2
DA:11,14
DA:12,8
DA:15,14
DA:16,2
LF:9
LH:9
BRF:0
BRH:0
end_of_record
TN:
SF:/home/ferminconejo/workspace/cambio/app/src/script.js
FNF:0
FNH:0
LF:0
LH:0
BRF:0
BRH:0
end_of_record
